#
# A fatal error has been detected by the Java Runtime Environment:
#
#  EXCEPTION_ACCESS_VIOLATION (0xc0000005) at pc=0x0000000065f4d3b0, pid=3836, tid=0x0000000000000260
#
# JRE version: OpenJDK Runtime Environment (8.0_152-b02) (build 1.8.0_152-release-1024-b02)
# Java VM: OpenJDK 64-Bit Server VM (25.152-b02 mixed mode windows-amd64 compressed oops)
# Problematic frame:
# V  [jvm.dll+0x46d3b0]
#
# Failed to write core dump. Minidumps are not enabled by default on client versions of Windows
#
# If you would like to submit a bug report, please visit:
#   http://bugreport.java.com/bugreport/crash.jsp
#

---------------  T H R E A D  ---------------

Current thread (0x0000000057a00800):  JavaThread "C2 CompilerThread1" daemon [_thread_in_native, id=608, stack(0x0000000057e90000,0x0000000057f90000)]

siginfo: ExceptionCode=0xc0000005, writing address 0x0000000000000000

Registers:
RAX=0x0000000000000000, RBX=0x0000000065584bb0, RCX=0x0000000057f8bfd0, RDX=0x0000000000006098
RSP=0x0000000057f8bf38, RBP=0x0000000000000c47, RSI=0x0000000057f8c2f0, RDI=0x0000000000000edf
R8 =0x0000000000000080, R9 =0x00000000594fe600, R10=0x0000000065ae0000, R11=0x00000000656e1670
R12=0x00000000662a5090, R13=0x0000000064c05f60, R14=0x00000000000cf980, R15=0x0000000065ae0000
RIP=0x0000000065f4d3b0, EFLAGS=0x0000000000010246

Top of Stack: (sp=0x0000000057f8bf38)
0x0000000057f8bf38:   0000000065f160ff 0000000057f8c310
0x0000000057f8bf48:   000000006557bf10 0000000000000c47
0x0000000057f8bf58:   0000000057f8c2f0 000031c200000000
0x0000000057f8bf68:   0000000000000008 00000000630f12a0
0x0000000057f8bf78:   0000000000000038 000000005fde3f00
0x0000000057f8bf88:   0000000000000038 0000000065618950
0x0000000057f8bf98:   0000374f00000000 0000000000000008
0x0000000057f8bfa8:   000000005a8d17e0 0000000000000038
0x0000000057f8bfb8:   0000000068195690 0000000000000038
0x0000000057f8bfc8:   000000006556acb0 00000ee400000000
0x0000000057f8bfd8:   0000000000000007 000000006301e540
0x0000000057f8bfe8:   000000000000000f 0000000059a3ac10
0x0000000057f8bff8:   0000000000000038 0000000057f8c310
0x0000000057f8c008:   0000000000000038 00000000631ba8a8
0x0000000057f8c018:   0000000057f8c2f0 0000000000000c47
0x0000000057f8c028:   0000000065618950 0000000000001da8 

Instructions: (pc=0x0000000065f4d3b0)
0x0000000065f4d390:   bb 90 00 00 00 72 e9 48 8b 5c 24 40 48 83 c4 20
0x0000000065f4d3a0:   5f c3 cc cc cc cc cc cc cc cc cc cc cc cc cc cc
0x0000000065f4d3b0:   40 57 48 83 ec 20 48 63 51 08 48 8b f9 83 fa 08
0x0000000065f4d3c0:   73 22 48 8b 41 10 48 8d 0c 90 66 0f 1f 44 00 00 


Register to memory mapping:

RAX=0x0000000000000000 is an unknown value
RBX=0x0000000065584bb0 is an unknown value
RCX=0x0000000057f8bfd0 is pointing into the stack for thread: 0x0000000057a00800
RDX=0x0000000000006098 is an unknown value
RSP=0x0000000057f8bf38 is pointing into the stack for thread: 0x0000000057a00800
RBP=0x0000000000000c47 is an unknown value
RSI=0x0000000057f8c2f0 is pointing into the stack for thread: 0x0000000057a00800
RDI=0x0000000000000edf is an unknown value
R8 =0x0000000000000080 is an unknown value
R9 =0x00000000594fe600 is an unknown value
R10=0x0000000065ae0000 is an unknown value
R11=0x00000000656e1670 is an unknown value
R12=0x00000000662a5090 is an unknown value
R13=0x0000000064c05f60 is an unknown value
R14=0x00000000000cf980 is an unknown value
R15=0x0000000065ae0000 is an unknown value


Stack: [0x0000000057e90000,0x0000000057f90000],  sp=0x0000000057f8bf38,  free space=1007k
Native frames: (J=compiled Java code, j=interpreted, Vv=VM code, C=native code)
V  [jvm.dll+0x46d3b0]
V  [jvm.dll+0x4360ff]
V  [jvm.dll+0x437bc8]
V  [jvm.dll+0x437db6]
V  [jvm.dll+0x435944]
V  [jvm.dll+0x434caf]
V  [jvm.dll+0x43f76b]
V  [jvm.dll+0x44203e]
V  [jvm.dll+0x4250b2]
V  [jvm.dll+0x814c8]
V  [jvm.dll+0x81dff]
V  [jvm.dll+0x21d2df]
V  [jvm.dll+0x26d7ea]
C  [msvcr100.dll+0x21d9f]
C  [msvcr100.dll+0x21e3b]
C  [kernel32.dll+0x159ed]
C  [ntdll.dll+0x2b371]


Current CompileTask:
C2:2078986 26837 %     4       com.android.tools.profiler.asm.ClassReader::a @ 74 (3351 bytes)


---------------  P R O C E S S  ---------------

Java Threads: ( => current thread )
  0x000000005daea800 JavaThread "ForkJoinPool.commonPool-worker-5" daemon [_thread_in_native, id=764, stack(0x0000000069040000,0x0000000069140000)]
  0x000000005daed000 JavaThread "ForkJoinPool.commonPool-worker-4" daemon [_thread_in_native, id=1260, stack(0x0000000068ea0000,0x0000000068fa0000)]
  0x000000005daeb800 JavaThread "ForkJoinPool.commonPool-worker-3" daemon [_thread_in_native, id=6548, stack(0x0000000066710000,0x0000000066810000)]
  0x000000005e3ae000 JavaThread "Cache worker for Java compile cache (D:\bcsq-app\.gradle\4.1\javaCompile)" [_thread_blocked, id=9212, stack(0x00000000653f0000,0x00000000654f0000)]
  0x000000005e3a9000 JavaThread "Task worker for ':' Thread 3" [_thread_blocked, id=7752, stack(0x0000000064600000,0x0000000064700000)]
  0x000000006004f000 JavaThread "Task worker for ':' Thread 2" [_thread_blocked, id=8772, stack(0x0000000063b30000,0x0000000063c30000)]
  0x000000006004a000 JavaThread "Task worker for ':'" [_thread_blocked, id=2960, stack(0x0000000060b40000,0x0000000060c40000)]
  0x000000006004a800 JavaThread "Cache worker for task history cache (D:\bcsq-app\.gradle\4.1\taskHistory)" [_thread_blocked, id=7408, stack(0x00000000644c0000,0x00000000645c0000)]
  0x000000006004d800 JavaThread "Cache worker for file content cache (D:\bcsq-app\.gradle\4.1\fileContent)" [_thread_blocked, id=7112, stack(0x00000000635f0000,0x00000000636f0000)]
  0x0000000060050000 JavaThread "build operations Thread 4" [_thread_blocked, id=7768, stack(0x0000000060890000,0x0000000060990000)]
  0x000000006004d000 JavaThread "build operations Thread 3" [_thread_blocked, id=8928, stack(0x0000000060a00000,0x0000000060b00000)]
  0x0000000060049000 JavaThread "build operations Thread 2" [_thread_blocked, id=8056, stack(0x0000000060770000,0x0000000060870000)]
  0x000000006004b800 JavaThread "build operations" [_thread_blocked, id=6544, stack(0x000000005d910000,0x000000005da10000)]
  0x000000006004e800 JavaThread "Cache worker for Artifact transforms cache (C:\Users\RAFIQUL\.gradle\caches\transforms-1)" [_thread_blocked, id=7824, stack(0x000000005c300000,0x000000005c400000)]
  0x0000000059848000 JavaThread "Cache worker for file hash cache (D:\bcsq-app\.gradle\4.1\fileHashes)" [_thread_blocked, id=8284, stack(0x000000005b950000,0x000000005ba50000)]
  0x000000005984c800 JavaThread "Stdin handler" [_thread_blocked, id=6964, stack(0x000000005beb0000,0x000000005bfb0000)]
  0x000000005984e000 JavaThread "Asynchronous log dispatcher for DefaultDaemonConnection: socket connection from /127.0.0.1:53303 to /127.0.0.1:55717" [_thread_blocked, id=6484, stack(0x000000005bbc0000,0x000000005bcc0000)]
  0x0000000059848800 JavaThread "Daemon worker Thread 9" [_thread_blocked, id=8712, stack(0x000000005ba50000,0x000000005bb50000)]
  0x0000000059851800 JavaThread "Cancel handler" [_thread_blocked, id=8828, stack(0x000000005b7c0000,0x000000005b8c0000)]
  0x0000000059844000 JavaThread "Handler for socket connection from /127.0.0.1:53303 to /127.0.0.1:55717" [_thread_in_native, id=8168, stack(0x0000000058d90000,0x0000000058e90000)]
  0x0000000059843800 JavaThread "Daemon Thread 9" [_thread_blocked, id=2456, stack(0x0000000058010000,0x0000000058110000)]
  0x000000005984a000 JavaThread "Memory manager" [_thread_blocked, id=4788, stack(0x0000000061230000,0x0000000061330000)]
  0x0000000059849800 JavaThread "pool-1-thread-1" [_thread_blocked, id=6524, stack(0x0000000060f10000,0x0000000061010000)]
  0x00000000598db800 JavaThread "File lock request listener" [_thread_in_native, id=8068, stack(0x000000005bfc0000,0x000000005c0c0000)]
  0x0000000059413800 JavaThread "Cache worker for file hash cache (C:\Users\RAFIQUL\.gradle\caches\4.1\fileHashes)" [_thread_blocked, id=8768, stack(0x000000005bd20000,0x000000005be20000)]
  0x00000000595d2800 JavaThread "Daemon periodic checks" [_thread_blocked, id=6660, stack(0x000000005b380000,0x000000005b480000)]
  0x0000000059669800 JavaThread "Incoming local TCP Connector on port 53303" [_thread_in_native, id=8004, stack(0x000000005b260000,0x000000005b360000)]
  0x0000000057a83800 JavaThread "Service Thread" daemon [_thread_blocked, id=8776, stack(0x0000000058290000,0x0000000058390000)]
  0x0000000057a05800 JavaThread "C1 CompilerThread2" daemon [_thread_blocked, id=556, stack(0x0000000058130000,0x0000000058230000)]
=>0x0000000057a00800 JavaThread "C2 CompilerThread1" daemon [_thread_in_native, id=608, stack(0x0000000057e90000,0x0000000057f90000)]
  0x000000005638f800 JavaThread "C2 CompilerThread0" daemon [_thread_in_native, id=6280, stack(0x0000000057290000,0x0000000057390000)]
  0x000000005638e000 JavaThread "Attach Listener" daemon [_thread_blocked, id=9156, stack(0x0000000057900000,0x0000000057a00000)]
  0x000000005638c000 JavaThread "Signal Dispatcher" daemon [_thread_blocked, id=7508, stack(0x0000000057500000,0x0000000057600000)]
  0x0000000056368000 JavaThread "Finalizer" daemon [_thread_blocked, id=6696, stack(0x0000000057800000,0x0000000057900000)]
  0x0000000056321000 JavaThread "Reference Handler" daemon [_thread_blocked, id=1884, stack(0x0000000057610000,0x0000000057710000)]
  0x00000000003be800 JavaThread "main" [_thread_blocked, id=6456, stack(0x00000000022d0000,0x00000000023d0000)]

Other Threads:
  0x0000000056319800 VMThread [stack: 0x0000000057400000,0x0000000057500000] [id=8236]
  0x0000000057a84800 WatcherThread [stack: 0x0000000058400000,0x0000000058500000] [id=7580]

VM state:not at safepoint (normal execution)

VM Mutex/Monitor currently owned by a thread: None

Heap:
 PSYoungGen      total 491008K, used 389185K [0x00000000e0000000, 0x00000000ffc80000, 0x0000000100000000)
  eden space 462336K, 82% used [0x00000000e0000000,0x00000000f75103b8,0x00000000fc380000)
  from space 28672K, 25% used [0x00000000fe080000,0x00000000fe780050,0x00000000ffc80000)
  to   space 29184K, 0% used [0x00000000fc380000,0x00000000fc380000,0x00000000fe000000)
 ParOldGen       total 181248K, used 97572K [0x00000000a0000000, 0x00000000ab100000, 0x00000000e0000000)
  object space 181248K, 53% used [0x00000000a0000000,0x00000000a5f49330,0x00000000ab100000)
 Metaspace       used 85705K, capacity 91354K, committed 91608K, reserved 1128448K
  class space    used 10491K, capacity 11542K, committed 11776K, reserved 1048576K

Card table byte_map: [0x0000000011a60000,0x0000000011d70000] byte_map_base: 0x0000000011560000

Marking Bits: (ParMarkBitMap*) 0x00000000662a4970
 Begin Bits: [0x0000000012690000, 0x0000000013e90000)
 End Bits:   [0x0000000013e90000, 0x0000000015690000)

Polling page: 0x0000000000140000

CodeCache: size=245760Kb used=72956Kb max_used=72959Kb free=172804Kb
 bounds [0x00000000026a0000, 0x0000000006e60000, 0x00000000116a0000]
 total_blobs=20727 nmethods=19876 adapters=762
 compilation: enabled

Compilation events (10 events):
Event: 2078.316 Thread 0x000000005638f800 26869       4       com.google.common.collect.RegularImmutableMap::<init> (141 bytes)
Event: 2078.330 Thread 0x000000005638f800 nmethod 26869 0x0000000002a0a610 code [0x0000000002a0a7c0, 0x0000000002a0afd8]
Event: 2078.330 Thread 0x000000005638f800 26870       4       org.gradle.execution.taskgraph.TaskInfo::isComplete (56 bytes)
Event: 2078.332 Thread 0x000000005638f800 nmethod 26870 0x00000000049cb710 code [0x00000000049cb860, 0x00000000049cb918]
Event: 2078.332 Thread 0x000000005638f800 26871       4       com.google.common.collect.RegularImmutableSortedMap::get (27 bytes)
Event: 2078.352 Thread 0x000000005638f800 nmethod 26871 0x00000000049acfd0 code [0x00000000049ad1a0, 0x00000000049addd8]
Event: 2078.366 Thread 0x000000005638f800 26872       4       org.gradle.api.internal.artifacts.DefaultResolvedArtifact::toString (10 bytes)
Event: 2078.367 Thread 0x000000005638f800 nmethod 26872 0x00000000048b3610 code [0x00000000048b3760, 0x00000000048b3808]
Event: 2078.368 Thread 0x0000000057a05800 26873       3       org.gradle.api.internal.artifacts.transform.DefaultArtifactTransforms$ConsumerProvidedResolvedVariant::<init> (20 bytes)
Event: 2078.368 Thread 0x0000000057a05800 nmethod 26873 0x0000000006d82a90 code [0x0000000006d82be0, 0x0000000006d82dd0]

GC Heap History (10 events):
Event: 1917.513 GC heap before
{Heap before GC invocations=53 (full 5):
 PSYoungGen      total 481792K, used 448821K [0x00000000e0000000, 0x0000000100000000, 0x0000000100000000)
  eden space 445952K, 99% used [0x00000000e0000000,0x00000000fb03a9f0,0x00000000fb380000)
  from space 35840K, 17% used [0x00000000fb380000,0x00000000fb992a50,0x00000000fd680000)
  to   space 34816K, 0% used [0x00000000fde00000,0x00000000fde00000,0x0000000100000000)
 ParOldGen       total 181248K, used 96618K [0x00000000a0000000, 0x00000000ab100000, 0x00000000e0000000)
  object space 181248K, 53% used [0x00000000a0000000,0x00000000a5e5aa78,0x00000000ab100000)
 Metaspace       used 84118K, capacity 88538K, committed 90200K, reserved 1128448K
  class space    used 10302K, capacity 11190K, committed 11648K, reserved 1048576K
Event: 1917.524 GC heap after
Heap after GC invocations=53 (full 5):
 PSYoungGen      total 483328K, used 8014K [0x00000000e0000000, 0x00000000ffb00000, 0x0000000100000000)
  eden space 453632K, 0% used [0x00000000e0000000,0x00000000e0000000,0x00000000fbb00000)
  from space 29696K, 26% used [0x00000000fde00000,0x00000000fe5d3a18,0x00000000ffb00000)
  to   space 32768K, 0% used [0x00000000fbb00000,0x00000000fbb00000,0x00000000fdb00000)
 ParOldGen       total 181248K, used 97529K [0x00000000a0000000, 0x00000000ab100000, 0x00000000e0000000)
  object space 181248K, 53% used [0x00000000a0000000,0x00000000a5f3e6e0,0x00000000ab100000)
 Metaspace       used 84118K, capacity 88538K, committed 90200K, reserved 1128448K
  class space    used 10302K, capacity 11190K, committed 11648K, reserved 1048576K
}
Event: 1993.630 GC heap before
{Heap before GC invocations=54 (full 5):
 PSYoungGen      total 483328K, used 461646K [0x00000000e0000000, 0x00000000ffb00000, 0x0000000100000000)
  eden space 453632K, 100% used [0x00000000e0000000,0x00000000fbb00000,0x00000000fbb00000)
  from space 29696K, 26% used [0x00000000fde00000,0x00000000fe5d3a18,0x00000000ffb00000)
  to   space 32768K, 0% used [0x00000000fbb00000,0x00000000fbb00000,0x00000000fdb00000)
 ParOldGen       total 181248K, used 97546K [0x00000000a0000000, 0x00000000ab100000, 0x00000000e0000000)
  object space 181248K, 53% used [0x00000000a0000000,0x00000000a5f42a40,0x00000000ab100000)
 Metaspace       used 84611K, capacity 89362K, committed 90200K, reserved 1128448K
  class space    used 10349K, capacity 11274K, committed 11648K, reserved 1048576K
Event: 1993.670 GC heap after
Heap after GC invocations=54 (full 5):
 PSYoungGen      total 486400K, used 15077K [0x00000000e0000000, 0x0000000100000000, 0x0000000100000000)
  eden space 453632K, 0% used [0x00000000e0000000,0x00000000e0000000,0x00000000fbb00000)
  from space 32768K, 46% used [0x00000000fbb00000,0x00000000fc9b9708,0x00000000fdb00000)
  to   space 32256K, 0% used [0x00000000fe080000,0x00000000fe080000,0x0000000100000000)
 ParOldGen       total 181248K, used 97554K [0x00000000a0000000, 0x00000000ab100000, 0x00000000e0000000)
  object space 181248K, 53% used [0x00000000a0000000,0x00000000a5f44a40,0x00000000ab100000)
 Metaspace       used 84611K, capacity 89362K, committed 90200K, reserved 1128448K
  class space    used 10349K, capacity 11274K, committed 11648K, reserved 1048576K
}
Event: 1995.090 GC heap before
{Heap before GC invocations=55 (full 5):
 PSYoungGen      total 486400K, used 468709K [0x00000000e0000000, 0x0000000100000000, 0x0000000100000000)
  eden space 453632K, 100% used [0x00000000e0000000,0x00000000fbb00000,0x00000000fbb00000)
  from space 32768K, 46% used [0x00000000fbb00000,0x00000000fc9b9708,0x00000000fdb00000)
  to   space 32256K, 0% used [0x00000000fe080000,0x00000000fe080000,0x0000000100000000)
 ParOldGen       total 181248K, used 97556K [0x00000000a0000000, 0x00000000ab100000, 0x00000000e0000000)
  object space 181248K, 53% used [0x00000000a0000000,0x00000000a5f45330,0x00000000ab100000)
 Metaspace       used 84615K, capacity 89362K, committed 90200K, reserved 1128448K
  class space    used 10349K, capacity 11274K, committed 11648K, reserved 1048576K
Event: 1995.105 GC heap after
Heap after GC invocations=55 (full 5):
 PSYoungGen      total 489984K, used 15820K [0x00000000e0000000, 0x00000000ffe80000, 0x0000000100000000)
  eden space 459264K, 0% used [0x00000000e0000000,0x00000000e0000000,0x00000000fc080000)
  from space 30720K, 51% used [0x00000000fe080000,0x00000000feff3278,0x00000000ffe80000)
  to   space 31744K, 0% used [0x00000000fc080000,0x00000000fc080000,0x00000000fdf80000)
 ParOldGen       total 181248K, used 97564K [0x00000000a0000000, 0x00000000ab100000, 0x00000000e0000000)
  object space 181248K, 53% used [0x00000000a0000000,0x00000000a5f47330,0x00000000ab100000)
 Metaspace       used 84615K, capacity 89362K, committed 90200K, reserved 1128448K
  class space    used 10349K, capacity 11274K, committed 11648K, reserved 1048576K
}
Event: 1995.788 GC heap before
{Heap before GC invocations=56 (full 5):
 PSYoungGen      total 489984K, used 474429K [0x00000000e0000000, 0x00000000ffe80000, 0x0000000100000000)
  eden space 459264K, 99% used [0x00000000e0000000,0x00000000fbfdc1f0,0x00000000fc080000)
  from space 30720K, 51% used [0x00000000fe080000,0x00000000feff3278,0x00000000ffe80000)
  to   space 31744K, 0% used [0x00000000fc080000,0x00000000fc080000,0x00000000fdf80000)
 ParOldGen       total 181248K, used 97564K [0x00000000a0000000, 0x00000000ab100000, 0x00000000e0000000)
  object space 181248K, 53% used [0x00000000a0000000,0x00000000a5f47330,0x00000000ab100000)
 Metaspace       used 84633K, capacity 89368K, committed 90200K, reserved 1128448K
  class space    used 10349K, capacity 11275K, committed 11648K, reserved 1048576K
Event: 1995.805 GC heap after
Heap after GC invocations=56 (full 5):
 PSYoungGen      total 491008K, used 13178K [0x00000000e0000000, 0x00000000ffe00000, 0x0000000100000000)
  eden space 459264K, 0% used [0x00000000e0000000,0x00000000e0000000,0x00000000fc080000)
  from space 31744K, 41% used [0x00000000fc080000,0x00000000fcd5e8e8,0x00000000fdf80000)
  to   space 30208K, 0% used [0x00000000fe080000,0x00000000fe080000,0x00000000ffe00000)
 ParOldGen       total 181248K, used 97572K [0x00000000a0000000, 0x00000000ab100000, 0x00000000e0000000)
  object space 181248K, 53% used [0x00000000a0000000,0x00000000a5f49330,0x00000000ab100000)
 Metaspace       used 84633K, capacity 89368K, committed 90200K, reserved 1128448K
  class space    used 10349K, capacity 11275K, committed 11648K, reserved 1048576K
}
Event: 2074.949 GC heap before
{Heap before GC invocations=57 (full 5):
 PSYoungGen      total 491008K, used 471690K [0x00000000e0000000, 0x00000000ffe00000, 0x0000000100000000)
  eden space 459264K, 99% used [0x00000000e0000000,0x00000000fbfc41a0,0x00000000fc080000)
  from space 31744K, 41% used [0x00000000fc080000,0x00000000fcd5e8e8,0x00000000fdf80000)
  to   space 30208K, 0% used [0x00000000fe080000,0x00000000fe080000,0x00000000ffe00000)
 ParOldGen       total 181248K, used 97572K [0x00000000a0000000, 0x00000000ab100000, 0x00000000e0000000)
  object space 181248K, 53% used [0x00000000a0000000,0x00000000a5f49330,0x00000000ab100000)
 Metaspace       used 85299K, capacity 90922K, committed 91352K, reserved 1128448K
  class space    used 10472K, capacity 11502K, committed 11776K, reserved 1048576K
Event: 2074.982 GC heap after
Heap after GC invocations=57 (full 5):
 PSYoungGen      total 491008K, used 7168K [0x00000000e0000000, 0x00000000ffc80000, 0x0000000100000000)
  eden space 462336K, 0% used [0x00000000e0000000,0x00000000e0000000,0x00000000fc380000)
  from space 28672K, 25% used [0x00000000fe080000,0x00000000fe780050,0x00000000ffc80000)
  to   space 29184K, 0% used [0x00000000fc380000,0x00000000fc380000,0x00000000fe000000)
 ParOldGen       total 181248K, used 97572K [0x00000000a0000000, 0x00000000ab100000, 0x00000000e0000000)
  object space 181248K, 53% used [0x00000000a0000000,0x00000000a5f49330,0x00000000ab100000)
 Metaspace       used 85299K, capacity 90922K, committed 91352K, reserved 1128448K
  class space    used 10472K, capacity 11502K, committed 11776K, reserved 1048576K
}

Deoptimization events (10 events):
Event: 2077.556 Thread 0x000000006004a000 Uncommon trap: reason=bimorphic action=maybe_recompile pc=0x0000000006d20be0 method=com.android.tools.profiler.asm.MethodVisitor.visitInsn(I)V @ 12
Event: 2077.556 Thread 0x000000006004a000 Uncommon trap: reason=bimorphic action=maybe_recompile pc=0x0000000006d63594 method=com.android.tools.profiler.asm.MethodVisitor.visitVarInsn(II)V @ 13
Event: 2077.556 Thread 0x000000006004a000 Uncommon trap: reason=bimorphic action=maybe_recompile pc=0x0000000006d226d0 method=com.android.tools.profiler.asm.MethodVisitor.visitMethodInsn(ILjava/lang/String;Ljava/lang/String;Ljava/lang/String;Z)V @ 64
Event: 2077.556 Thread 0x000000006004a000 Uncommon trap: reason=bimorphic action=maybe_recompile pc=0x0000000006d51bb0 method=com.android.tools.profiler.asm.MethodVisitor.visitFieldInsn(ILjava/lang/String;Ljava/lang/String;Ljava/lang/String;)V @ 16
Event: 2077.556 Thread 0x000000006004a000 Uncommon trap: reason=bimorphic action=maybe_recompile pc=0x0000000006d265f8 method=com.android.tools.profiler.asm.MethodVisitor.visitLabel(Lcom/android/tools/profiler/asm/Label;)V @ 12
Event: 2077.556 Thread 0x000000006004a000 Uncommon trap: reason=bimorphic action=maybe_recompile pc=0x0000000006d1e874 method=com.android.tools.profiler.asm.MethodVisitor.visitLineNumber(ILcom/android/tools/profiler/asm/Label;)V @ 13
Event: 2077.556 Thread 0x000000006004a000 Uncommon trap: reason=bimorphic action=maybe_recompile pc=0x0000000006d20be0 method=com.android.tools.profiler.asm.MethodVisitor.visitInsn(I)V @ 12
Event: 2077.556 Thread 0x000000006004a000 Uncommon trap: reason=bimorphic action=maybe_recompile pc=0x0000000006d49ddc method=com.android.tools.profiler.asm.MethodVisitor.visitLocalVariable(Ljava/lang/String;Ljava/lang/String;Ljava/lang/String;Lcom/android/tools/profiler/asm/Label;Lcom/android/to
Event: 2077.556 Thread 0x000000006004a000 Uncommon trap: reason=bimorphic action=maybe_recompile pc=0x0000000004a49568 method=com.android.tools.profiler.asm.MethodVisitor.visitMaxs(II)V @ 13
Event: 2077.556 Thread 0x000000006004a000 Uncommon trap: reason=bimorphic action=maybe_recompile pc=0x0000000002b96a44 method=com.android.tools.profiler.asm.MethodVisitor.visitEnd()V @ 11

Classes redefined (0 events):
No events

Internal exceptions (10 events):
Event: 1993.560 Thread 0x000000005e3a9000 Exception <a 'sun/nio/fs/WindowsException'> (0x00000000fa0323e8) thrown at [D:\src\AOSP-openjdk-cygwin\jdk8u\hotspot\src\share\vm\prims\jni.cpp, line 709]
Event: 1993.562 Thread 0x000000005e3a9000 Exception <a 'sun/nio/fs/WindowsException'> (0x00000000fa045470) thrown at [D:\src\AOSP-openjdk-cygwin\jdk8u\hotspot\src\share\vm\prims\jni.cpp, line 709]
Event: 1993.565 Thread 0x000000005e3a9000 Exception <a 'sun/nio/fs/WindowsException'> (0x00000000fa0ab3d8) thrown at [D:\src\AOSP-openjdk-cygwin\jdk8u\hotspot\src\share\vm\prims\jni.cpp, line 709]
Event: 1995.898 Thread 0x0000000059844000 Exception <a 'sun/nio/fs/WindowsException'> (0x00000000ea082ee0) thrown at [D:\src\AOSP-openjdk-cygwin\jdk8u\hotspot\src\share\vm\prims\jni.cpp, line 709]
Event: 1995.898 Thread 0x0000000059844000 Exception <a 'sun/nio/fs/WindowsException'> (0x00000000ea083b80) thrown at [D:\src\AOSP-openjdk-cygwin\jdk8u\hotspot\src\share\vm\prims\jni.cpp, line 709]
Event: 1995.898 Thread 0x0000000059844000 Exception <a 'sun/nio/fs/WindowsException'> (0x00000000ea0842e8) thrown at [D:\src\AOSP-openjdk-cygwin\jdk8u\hotspot\src\share\vm\prims\jni.cpp, line 709]
Event: 1995.898 Thread 0x0000000059844000 Exception <a 'sun/nio/fs/WindowsException'> (0x00000000ea085548) thrown at [D:\src\AOSP-openjdk-cygwin\jdk8u\hotspot\src\share\vm\prims\jni.cpp, line 709]
Event: 2005.812 Thread 0x0000000059849800 Exception <a 'sun/nio/fs/WindowsException'> (0x00000000ea3ee6c0) thrown at [D:\src\AOSP-openjdk-cygwin\jdk8u\hotspot\src\share\vm\prims\jni.cpp, line 709]
Event: 2072.117 Thread 0x0000000059848800 Exception <a 'sun/nio/fs/WindowsException'> (0x00000000eb3baf30) thrown at [D:\src\AOSP-openjdk-cygwin\jdk8u\hotspot\src\share\vm\prims\jni.cpp, line 709]
Event: 2076.995 Thread 0x0000000059849800 Exception <a 'sun/nio/fs/WindowsException'> (0x00000000f0c452a8) thrown at [D:\src\AOSP-openjdk-cygwin\jdk8u\hotspot\src\share\vm\prims\jni.cpp, line 709]

Events (10 events):
Event: 2077.556 Thread 0x000000006004a000 DEOPT UNPACKING pc=0x00000000026e557b sp=0x0000000060c3d048 mode 2
Event: 2077.556 Thread 0x000000006004a000 Uncommon trap: trap_request=0xffffffc6 fr.pc=0x0000000002b96a44
Event: 2077.556 Thread 0x000000006004a000 DEOPT PACKING pc=0x0000000002b96a44 sp=0x0000000060c3d510
Event: 2077.556 Thread 0x000000006004a000 DEOPT UNPACKING pc=0x00000000026e557b sp=0x0000000060c3d460 mode 2
Event: 2078.119 loading class java/util/concurrent/CopyOnWriteArrayList$1
Event: 2078.119 loading class java/util/concurrent/CopyOnWriteArrayList$1 done
Event: 2078.410 Executing VM operation: RevokeBias
Event: 2078.410 Executing VM operation: RevokeBias done
Event: 2078.411 Thread 0x000000005daed000 Thread added: 0x000000005daed000
Event: 2078.411 Thread 0x000000005daea800 Thread added: 0x000000005daea800


Dynamic libraries:
0x000000013f290000 - 0x000000013f2c1000 	C:\Program Files\Android\Android Studio\jre\bin\java.exe
0x0000000077420000 - 0x00000000775ca000 	C:\Windows\SYSTEM32\ntdll.dll
0x0000000077300000 - 0x000000007741f000 	C:\Windows\system32\kernel32.dll
0x000007fefd420000 - 0x000007fefd48b000 	C:\Windows\system32\KERNELBASE.dll
0x000007fefd850000 - 0x000007fefd92b000 	C:\Windows\system32\ADVAPI32.dll
0x000007fefdd20000 - 0x000007fefddbf000 	C:\Windows\system32\msvcrt.dll
0x000007feff5b0000 - 0x000007feff5cf000 	C:\Windows\SYSTEM32\sechost.dll
0x000007feff3a0000 - 0x000007feff4cd000 	C:\Windows\system32\RPCRT4.dll
0x0000000077200000 - 0x00000000772fa000 	C:\Windows\system32\USER32.dll
0x000007feff640000 - 0x000007feff6a7000 	C:\Windows\system32\GDI32.dll
0x000007fefd840000 - 0x000007fefd84e000 	C:\Windows\system32\LPK.dll
0x000007fefd930000 - 0x000007fefd9f9000 	C:\Windows\system32\USP10.dll
0x000007fefb990000 - 0x000007fefbb84000 	C:\Windows\WinSxS\amd64_microsoft.windows.common-controls_6595b64144ccf1df_6.0.7601.17514_none_fa396087175ac9ac\COMCTL32.dll
0x000007feff6b0000 - 0x000007feff721000 	C:\Windows\system32\SHLWAPI.dll
0x000007feff140000 - 0x000007feff16e000 	C:\Windows\system32\IMM32.DLL
0x000007fefdc10000 - 0x000007fefdd19000 	C:\Windows\system32\MSCTF.dll
0x00000000663a0000 - 0x0000000066472000 	C:\Program Files\Android\Android Studio\jre\jre\bin\msvcr100.dll
0x0000000065ae0000 - 0x000000006631f000 	C:\Program Files\Android\Android Studio\jre\jre\bin\server\jvm.dll
0x000007fee30e0000 - 0x000007fee30e9000 	C:\Windows\system32\WSOCK32.dll
0x000007feff5f0000 - 0x000007feff63d000 	C:\Windows\system32\WS2_32.dll
0x000007feff210000 - 0x000007feff218000 	C:\Windows\system32\NSI.dll
0x000007fefacc0000 - 0x000007fefacfb000 	C:\Windows\system32\WINMM.dll
0x000007fefc4d0000 - 0x000007fefc4dc000 	C:\Windows\system32\VERSION.dll
0x00000000775f0000 - 0x00000000775f7000 	C:\Windows\system32\PSAPI.DLL
0x000007fefb5f0000 - 0x000007fefb5ff000 	C:\Program Files\Android\Android Studio\jre\jre\bin\verify.dll
0x000007fef8460000 - 0x000007fef8489000 	C:\Program Files\Android\Android Studio\jre\jre\bin\java.dll
0x000007fefa3d0000 - 0x000007fefa3e6000 	C:\Program Files\Android\Android Studio\jre\jre\bin\zip.dll
0x000007fefde40000 - 0x000007fefebca000 	C:\Windows\system32\SHELL32.dll
0x000007fefda00000 - 0x000007fefdc03000 	C:\Windows\system32\ole32.dll
0x000007fefd370000 - 0x000007fefd37f000 	C:\Windows\system32\profapi.dll
0x000007fefa310000 - 0x000007fefa32a000 	C:\Program Files\Android\Android Studio\jre\jre\bin\net.dll
0x000007fefcbe0000 - 0x000007fefcc35000 	C:\Windows\system32\mswsock.dll
0x000007fefcbd0000 - 0x000007fefcbd7000 	C:\Windows\System32\wship6.dll
0x000007fefa2f0000 - 0x000007fefa301000 	C:\Program Files\Android\Android Studio\jre\jre\bin\nio.dll
0x000007fef7bc0000 - 0x000007fef7bde000 	C:\Users\RAFIQUL\.gradle\native\25\windows-amd64\native-platform.dll
0x000007fefa350000 - 0x000007fefa35d000 	C:\Program Files\Android\Android Studio\jre\jre\bin\management.dll
0x000007fefcc40000 - 0x000007fefcc57000 	C:\Windows\system32\CRYPTSP.dll
0x000007fefc940000 - 0x000007fefc987000 	C:\Windows\system32\rsaenh.dll
0x000007fefc6c0000 - 0x000007fefc6de000 	C:\Windows\system32\USERENV.dll
0x000007fefd2a0000 - 0x000007fefd2af000 	C:\Windows\system32\CRYPTBASE.dll
0x000007fefb2b0000 - 0x000007fefb2d7000 	C:\Windows\system32\IPHLPAPI.DLL
0x000007fefb2a0000 - 0x000007fefb2ab000 	C:\Windows\system32\WINNSI.DLL
0x000007fefb0e0000 - 0x000007fefb0f8000 	C:\Windows\system32\dhcpcsvc.DLL
0x000007fefb0c0000 - 0x000007fefb0d1000 	C:\Windows\system32\dhcpcsvc6.DLL
0x000007fefd240000 - 0x000007fefd297000 	C:\Windows\system32\apphelp.dll
0x000007fef0fe0000 - 0x000007fef1105000 	C:\Windows\system32\dbghelp.dll

VM Arguments:
jvm_args: -Xmx1536m -Dfile.encoding=windows-1252 -Duser.country=US -Duser.language=en -Duser.variant 
java_command: org.gradle.launcher.daemon.bootstrap.GradleDaemon 4.1
java_class_path (initial): C:\Users\RAFIQUL\.gradle\wrapper\dists\gradle-4.1-all\bzyivzo6n839fup2jbap0tjew\gradle-4.1\lib\gradle-launcher-4.1.jar
Launcher Type: SUN_STANDARD

Environment Variables:
PATH=C:\ProgramData\Oracle\Java\javapath;C:\Windows\system32;C:\Windows;C:\Windows\System32\Wbem;C:\Windows\System32\WindowsPowerShell\v1.0\;C:\Program Files\Java\jdk1.7.0_55\bin;C:\grails-3.3.2\bin;E:\xampp\mysql\bin\mysqld.exe;C:\Program Files\Git\cmd;C:\Program Files\dotnet\;C:\Program Files\Microsoft SQL Server\130\Tools\Binn\;C:\Users\RAFIQUL\AppData\Local\Programs\Python\Python36-32\Scripts\;C:\Users\RAFIQUL\AppData\Local\Programs\Python\Python36-32\
USERNAME=RAFIQUL
OS=Windows_NT
PROCESSOR_IDENTIFIER=Intel64 Family 6 Model 61 Stepping 4, GenuineIntel



---------------  S Y S T E M  ---------------

OS: Windows 7 , 64 bit Build 7601 (6.1.7601.19135)

CPU:total 4 (initial active 4) (2 cores per cpu, 2 threads per core) family 6 model 61 stepping 4, cmov, cx8, fxsr, mmx, sse, sse2, sse3, ssse3, sse4.1, sse4.2, popcnt, avx, avx2, aes, clmul, erms, 3dnowpref, lzcnt, ht, tsc, tscinvbit, bmi1, bmi2, adx

Memory: 4k page, physical 8277104k(1823472k free), swap 18649524k(9925792k free)

vm_info: OpenJDK 64-Bit Server VM (25.152-b02) for windows-amd64 JRE (1.8.0_152-release-1024-b02), built by "builder" with MS VC++ 10.0 (VS2010)

time: Tue May 29 18:33:16 2018
elapsed time: 2078 seconds (0d 0h 34m 38s)

